2016-06-15 13:44:20,442  WARN [ModalContext] - ScalaProject - Project rational_nuber has platform default sourceLevel.
2016-06-15 13:44:20,444  WARN [ModalContext] - ScalaProject - Project rational_nuber runs on platform default installation.
2016-06-15 13:44:21,796  WARN [Worker-8] - ScalaProject - Project rational_nuber has platform default sourceLevel.
2016-06-15 13:44:21,796  WARN [Worker-8] - ScalaProject - Project rational_nuber runs on platform default installation.
2016-06-15 13:44:38,408  WARN [Worker-7] - ScalaProject - Project rational_nuber has platform default sourceLevel.
2016-06-15 13:44:38,408  WARN [Worker-7] - ScalaProject - Project rational_nuber runs on platform default installation.
2016-06-15 13:44:47,391  WARN [main] - ScalaProject - Project rational_nuber has platform default sourceLevel.
2016-06-15 13:44:47,391  WARN [main] - ScalaProject - Project rational_nuber runs on platform default installation.
2016-06-15 13:44:48,825  WARN [Worker-1] - ScalaProject - Project rational_nuber has platform default sourceLevel.
2016-06-15 13:44:48,840  WARN [Worker-1] - ScalaProject - Project rational_nuber runs on platform default installation.
2016-06-15 13:44:49,240  WARN [Java indexing] - ScalaProject - Project rational_nuber has platform default sourceLevel.
2016-06-15 13:44:49,240  WARN [Java indexing] - ScalaProject - Project rational_nuber runs on platform default installation.
2016-06-15 13:44:51,518  WARN [Worker-5] - ScalaProject - Project rational_nuber has platform default sourceLevel.
2016-06-15 13:44:51,518  WARN [Worker-5] - ScalaProject - Project rational_nuber runs on platform default installation.
2016-06-15 13:47:57,170  WARN [Worker-6] - ScalaProject - Project rational_nuber has platform default sourceLevel.
2016-06-15 13:47:57,170  WARN [Worker-6] - ScalaProject - Project rational_nuber runs on platform default installation.
2016-06-15 13:48:22,155  WARN [Worker-11] - ScalaProject - Project rational_nuber has platform default sourceLevel.
2016-06-15 13:48:22,155  WARN [Worker-11] - ScalaProject - Project rational_nuber runs on platform default installation.
2016-06-15 13:48:51,776  WARN [Worker-13] - ScalaProject - Project rational_nuber has platform default sourceLevel.
2016-06-15 13:48:51,776  WARN [Worker-13] - ScalaProject - Project rational_nuber runs on platform default installation.
2016-06-15 13:49:17,791  WARN [Worker-11] - ScalaProject - Project rational_nuber has platform default sourceLevel.
2016-06-15 13:49:17,791  WARN [Worker-11] - ScalaProject - Project rational_nuber runs on platform default installation.
